0 info it worked if it ends with ok
1 verbose cli [ '/Users/tdehollain/.nvm/versions/node/v7.1.0/bin/node',
1 verbose cli   '/Users/tdehollain/.nvm/versions/node/v7.1.0/bin/npm',
1 verbose cli   'run',
1 verbose cli   'push' ]
2 info using npm@3.10.9
3 info using node@v7.1.0
4 verbose run-script [ 'prepush', 'push', 'postpush' ]
5 info lifecycle barelinks@1.0.0~prepush: barelinks@1.0.0
6 silly lifecycle barelinks@1.0.0~prepush: no script for prepush, continuing
7 info lifecycle barelinks@1.0.0~push: barelinks@1.0.0
8 verbose lifecycle barelinks@1.0.0~push: unsafe-perm in lifecycle true
9 verbose lifecycle barelinks@1.0.0~push: PATH: /Users/tdehollain/.nvm/versions/node/v7.1.0/lib/node_modules/npm/bin/node-gyp-bin:/Users/tdehollain/Web Projects/bareLinks/0.6/node_modules/.bin:/Users/tdehollain/.nvm/versions/node/v7.1.0/bin:/usr/local/bin:/usr/bin:/bin:/usr/sbin:/sbin
10 verbose lifecycle barelinks@1.0.0~push: CWD: /Users/tdehollain/Web Projects/bareLinks/0.6
11 silly lifecycle barelinks@1.0.0~push: Args: [ '-c',
11 silly lifecycle   'run(){ git add -A && git commit -m \'commit\' && git push origin master' ]
12 silly lifecycle barelinks@1.0.0~push: Returned: code: 2  signal: null
13 info lifecycle barelinks@1.0.0~push: Failed to exec push script
14 verbose stack Error: barelinks@1.0.0 push: `run(){ git add -A && git commit -m 'commit' && git push origin master`
14 verbose stack Exit status 2
14 verbose stack     at EventEmitter.<anonymous> (/Users/tdehollain/.nvm/versions/node/v7.1.0/lib/node_modules/npm/lib/utils/lifecycle.js:255:16)
14 verbose stack     at emitTwo (events.js:106:13)
14 verbose stack     at EventEmitter.emit (events.js:191:7)
14 verbose stack     at ChildProcess.<anonymous> (/Users/tdehollain/.nvm/versions/node/v7.1.0/lib/node_modules/npm/lib/utils/spawn.js:40:14)
14 verbose stack     at emitTwo (events.js:106:13)
14 verbose stack     at ChildProcess.emit (events.js:191:7)
14 verbose stack     at maybeClose (internal/child_process.js:885:16)
14 verbose stack     at Process.ChildProcess._handle.onexit (internal/child_process.js:226:5)
15 verbose pkgid barelinks@1.0.0
16 verbose cwd /Users/tdehollain/Web Projects/bareLinks/0.6
17 error Darwin 16.7.0
18 error argv "/Users/tdehollain/.nvm/versions/node/v7.1.0/bin/node" "/Users/tdehollain/.nvm/versions/node/v7.1.0/bin/npm" "run" "push"
19 error node v7.1.0
20 error npm  v3.10.9
21 error code ELIFECYCLE
22 error barelinks@1.0.0 push: `run(){ git add -A && git commit -m 'commit' && git push origin master`
22 error Exit status 2
23 error Failed at the barelinks@1.0.0 push script 'run(){ git add -A && git commit -m 'commit' && git push origin master'.
23 error Make sure you have the latest version of node.js and npm installed.
23 error If you do, this is most likely a problem with the barelinks package,
23 error not with npm itself.
23 error Tell the author that this fails on your system:
23 error     run(){ git add -A && git commit -m 'commit' && git push origin master
23 error You can get information on how to open an issue for this project with:
23 error     npm bugs barelinks
23 error Or if that isn't available, you can get their info via:
23 error     npm owner ls barelinks
23 error There is likely additional logging output above.
24 verbose exit [ 1, true ]
